<?xml version="1.0" encoding="UTF-8"?>
<testsuite name="com.lhuk.book.springboot.doamin.posts.PostsRepositoryTest" tests="1" skipped="0" failures="0" errors="0" timestamp="2019-12-29T08:40:07" hostname="CJui-MacBook-Air-2.local" time="0.652">
  <properties/>
  <testcase name="loadContent" classname="com.lhuk.book.springboot.doamin.posts.PostsRepositoryTest" time="0.652"/>
  <system-out><![CDATA[17:40:00.367 [Test worker] DEBUG org.springframework.test.context.junit4.SpringJUnit4ClassRunner - SpringJUnit4ClassRunner constructor called with [class com.lhuk.book.springboot.doamin.posts.PostsRepositoryTest]
17:40:00.382 [Test worker] DEBUG org.springframework.test.context.BootstrapUtils - Instantiating CacheAwareContextLoaderDelegate from class [org.springframework.test.context.cache.DefaultCacheAwareContextLoaderDelegate]
17:40:00.406 [Test worker] DEBUG org.springframework.test.context.BootstrapUtils - Instantiating BootstrapContext using constructor [public org.springframework.test.context.support.DefaultBootstrapContext(java.lang.Class,org.springframework.test.context.CacheAwareContextLoaderDelegate)]
17:40:00.442 [Test worker] DEBUG org.springframework.test.context.BootstrapUtils - Instantiating TestContextBootstrapper for test class [com.lhuk.book.springboot.doamin.posts.PostsRepositoryTest] from class [org.springframework.boot.test.context.SpringBootTestContextBootstrapper]
17:40:00.469 [Test worker] INFO org.springframework.boot.test.context.SpringBootTestContextBootstrapper - Neither @ContextConfiguration nor @ContextHierarchy found for test class [com.lhuk.book.springboot.doamin.posts.PostsRepositoryTest], using SpringBootContextLoader
17:40:00.476 [Test worker] DEBUG org.springframework.test.context.support.AbstractContextLoader - Did not detect default resource location for test class [com.lhuk.book.springboot.doamin.posts.PostsRepositoryTest]: class path resource [com/lhuk/book/springboot/doamin/posts/PostsRepositoryTest-context.xml] does not exist
17:40:00.477 [Test worker] DEBUG org.springframework.test.context.support.AbstractContextLoader - Did not detect default resource location for test class [com.lhuk.book.springboot.doamin.posts.PostsRepositoryTest]: class path resource [com/lhuk/book/springboot/doamin/posts/PostsRepositoryTestContext.groovy] does not exist
17:40:00.478 [Test worker] INFO org.springframework.test.context.support.AbstractContextLoader - Could not detect default resource locations for test class [com.lhuk.book.springboot.doamin.posts.PostsRepositoryTest]: no resource found for suffixes {-context.xml, Context.groovy}.
17:40:00.479 [Test worker] INFO org.springframework.test.context.support.AnnotationConfigContextLoaderUtils - Could not detect default configuration classes for test class [com.lhuk.book.springboot.doamin.posts.PostsRepositoryTest]: PostsRepositoryTest does not declare any static, non-private, non-final, nested classes annotated with @Configuration.
17:40:00.568 [Test worker] DEBUG org.springframework.test.context.support.ActiveProfilesUtils - Could not find an 'annotation declaring class' for annotation type [org.springframework.test.context.ActiveProfiles] and class [com.lhuk.book.springboot.doamin.posts.PostsRepositoryTest]
17:40:00.702 [Test worker] DEBUG org.springframework.context.annotation.ClassPathScanningCandidateComponentProvider - Identified candidate component class: file [/Users/mi/IdeaProjects/FirstSrpingBoot/build/classes/java/main/com/lhuk/book/springboot/Application.class]
17:40:00.704 [Test worker] INFO org.springframework.boot.test.context.SpringBootTestContextBootstrapper - Found @SpringBootConfiguration com.lhuk.book.springboot.Application for test class com.lhuk.book.springboot.doamin.posts.PostsRepositoryTest
17:40:00.826 [Test worker] DEBUG org.springframework.boot.test.context.SpringBootTestContextBootstrapper - @TestExecutionListeners is not present for class [com.lhuk.book.springboot.doamin.posts.PostsRepositoryTest]: using defaults.
17:40:00.827 [Test worker] INFO org.springframework.boot.test.context.SpringBootTestContextBootstrapper - Loaded default TestExecutionListener class names from location [META-INF/spring.factories]: [org.springframework.boot.test.autoconfigure.restdocs.RestDocsTestExecutionListener, org.springframework.boot.test.autoconfigure.web.client.MockRestServiceServerResetTestExecutionListener, org.springframework.boot.test.autoconfigure.web.servlet.MockMvcPrintOnlyOnFailureTestExecutionListener, org.springframework.boot.test.autoconfigure.web.servlet.WebDriverTestExecutionListener, org.springframework.boot.test.mock.mockito.MockitoTestExecutionListener, org.springframework.boot.test.mock.mockito.ResetMocksTestExecutionListener, org.springframework.test.context.web.ServletTestExecutionListener, org.springframework.test.context.support.DirtiesContextBeforeModesTestExecutionListener, org.springframework.test.context.support.DependencyInjectionTestExecutionListener, org.springframework.test.context.support.DirtiesContextTestExecutionListener, org.springframework.test.context.transaction.TransactionalTestExecutionListener, org.springframework.test.context.jdbc.SqlScriptsTestExecutionListener]
17:40:00.851 [Test worker] INFO org.springframework.boot.test.context.SpringBootTestContextBootstrapper - Using TestExecutionListeners: [org.springframework.test.context.web.ServletTestExecutionListener@2d12791, org.springframework.test.context.support.DirtiesContextBeforeModesTestExecutionListener@4ef48ee9, org.springframework.boot.test.mock.mockito.MockitoTestExecutionListener@1c60bbce, org.springframework.boot.test.autoconfigure.SpringBootDependencyInjectionTestExecutionListener@c2eaaa2, org.springframework.test.context.support.DirtiesContextTestExecutionListener@7c8e919, org.springframework.test.context.transaction.TransactionalTestExecutionListener@6d21accf, org.springframework.test.context.jdbc.SqlScriptsTestExecutionListener@7486d46e, org.springframework.boot.test.autoconfigure.restdocs.RestDocsTestExecutionListener@d841be6, org.springframework.boot.test.autoconfigure.web.client.MockRestServiceServerResetTestExecutionListener@4d44bb6e, org.springframework.boot.test.autoconfigure.web.servlet.MockMvcPrintOnlyOnFailureTestExecutionListener@2d6321dd, org.springframework.boot.test.autoconfigure.web.servlet.WebDriverTestExecutionListener@6f04a5bb, org.springframework.boot.test.mock.mockito.ResetMocksTestExecutionListener@4272d896]
17:40:00.858 [Test worker] DEBUG org.springframework.test.annotation.ProfileValueUtils - Retrieved @ProfileValueSourceConfiguration [null] for test class [com.lhuk.book.springboot.doamin.posts.PostsRepositoryTest]
17:40:00.859 [Test worker] DEBUG org.springframework.test.annotation.ProfileValueUtils - Retrieved ProfileValueSource type [class org.springframework.test.annotation.SystemProfileValueSource] for class [com.lhuk.book.springboot.doamin.posts.PostsRepositoryTest]
17:40:00.863 [Test worker] DEBUG org.springframework.test.annotation.ProfileValueUtils - Retrieved @ProfileValueSourceConfiguration [null] for test class [com.lhuk.book.springboot.doamin.posts.PostsRepositoryTest]
17:40:00.863 [Test worker] DEBUG org.springframework.test.annotation.ProfileValueUtils - Retrieved ProfileValueSource type [class org.springframework.test.annotation.SystemProfileValueSource] for class [com.lhuk.book.springboot.doamin.posts.PostsRepositoryTest]
17:40:00.864 [Test worker] DEBUG org.springframework.test.annotation.ProfileValueUtils - Retrieved @ProfileValueSourceConfiguration [null] for test class [com.lhuk.book.springboot.doamin.posts.PostsRepositoryTest]
17:40:00.864 [Test worker] DEBUG org.springframework.test.annotation.ProfileValueUtils - Retrieved ProfileValueSource type [class org.springframework.test.annotation.SystemProfileValueSource] for class [com.lhuk.book.springboot.doamin.posts.PostsRepositoryTest]
17:40:00.868 [Test worker] DEBUG org.springframework.test.context.support.AbstractDirtiesContextTestExecutionListener - Before test class: context [DefaultTestContext@4380031c testClass = PostsRepositoryTest, testInstance = [null], testMethod = [null], testException = [null], mergedContextConfiguration = [WebMergedContextConfiguration@53648d9c testClass = PostsRepositoryTest, locations = '{}', classes = '{class com.lhuk.book.springboot.Application}', contextInitializerClasses = '[]', activeProfiles = '{}', propertySourceLocations = '{}', propertySourceProperties = '{org.springframework.boot.test.context.SpringBootTestContextBootstrapper=true}', contextCustomizers = set[org.springframework.boot.test.autoconfigure.properties.PropertyMappingContextCustomizer@0, org.springframework.boot.test.autoconfigure.web.servlet.WebDriverContextCustomizerFactory$Customizer@49ed0663, org.springframework.boot.test.context.filter.ExcludeFilterContextCustomizer@5659431d, org.springframework.boot.test.json.DuplicateJsonObjectContextCustomizerFactory$DuplicateJsonObjectContextCustomizer@61f486f5, org.springframework.boot.test.mock.mockito.MockitoContextCustomizer@0, org.springframework.boot.test.web.client.TestRestTemplateContextCustomizer@1cf40bcf], resourceBasePath = 'src/main/webapp', contextLoader = 'org.springframework.boot.test.context.SpringBootContextLoader', parent = [null]], attributes = map['org.springframework.test.context.web.ServletTestExecutionListener.activateListener' -> true]], class annotated with @DirtiesContext [false] with mode [null].
17:40:00.869 [Test worker] DEBUG org.springframework.test.annotation.ProfileValueUtils - Retrieved @ProfileValueSourceConfiguration [null] for test class [com.lhuk.book.springboot.doamin.posts.PostsRepositoryTest]
17:40:00.870 [Test worker] DEBUG org.springframework.test.annotation.ProfileValueUtils - Retrieved ProfileValueSource type [class org.springframework.test.annotation.SystemProfileValueSource] for class [com.lhuk.book.springboot.doamin.posts.PostsRepositoryTest]
17:40:00.893 [Test worker] DEBUG org.springframework.test.context.support.TestPropertySourceUtils - Adding inlined properties to environment: {spring.jmx.enabled=false, org.springframework.boot.test.context.SpringBootTestContextBootstrapper=true, server.port=-1}

  .   ____          _            __ _ _
 /\\ / ___'_ __ _ _(_)_ __  __ _ \ \ \ \
( ( )\___ | '_ | '_| | '_ \/ _` | \ \ \ \
 \\/  ___)| |_)| | | | | || (_| |  ) ) ) )
  '  |____| .__|_| |_|_| |_\__, | / / / /
 =========|_|==============|___/=/_/_/_/
 :: Spring Boot ::        (v2.1.7.RELEASE)

2019-12-29 17:40:01.245  INFO 14774 --- [    Test worker] c.l.b.s.d.posts.PostsRepositoryTest      : Starting PostsRepositoryTest on CJui-MacBook-Air-2.local with PID 14774 (started by mi in /Users/mi/IdeaProjects/FirstSrpingBoot)
2019-12-29 17:40:01.249  INFO 14774 --- [    Test worker] c.l.b.s.d.posts.PostsRepositoryTest      : No active profile set, falling back to default profiles: default
2019-12-29 17:40:02.510  INFO 14774 --- [    Test worker] .s.d.r.c.RepositoryConfigurationDelegate : Bootstrapping Spring Data repositories in DEFAULT mode.
2019-12-29 17:40:02.623  INFO 14774 --- [    Test worker] .s.d.r.c.RepositoryConfigurationDelegate : Finished Spring Data repository scanning in 100ms. Found 1 repository interfaces.
2019-12-29 17:40:03.398  INFO 14774 --- [    Test worker] trationDelegate$BeanPostProcessorChecker : Bean 'org.springframework.transaction.annotation.ProxyTransactionManagementConfiguration' of type [org.springframework.transaction.annotation.ProxyTransactionManagementConfiguration$$EnhancerBySpringCGLIB$$a32dccf] is not eligible for getting processed by all BeanPostProcessors (for example: not eligible for auto-proxying)
2019-12-29 17:40:03.791  INFO 14774 --- [    Test worker] com.zaxxer.hikari.HikariDataSource       : HikariPool-1 - Starting...
2019-12-29 17:40:04.124  INFO 14774 --- [    Test worker] com.zaxxer.hikari.HikariDataSource       : HikariPool-1 - Start completed.
2019-12-29 17:40:04.278  INFO 14774 --- [    Test worker] o.hibernate.jpa.internal.util.LogHelper  : HHH000204: Processing PersistenceUnitInfo [
	name: default
	...]
2019-12-29 17:40:04.409  INFO 14774 --- [    Test worker] org.hibernate.Version                    : HHH000412: Hibernate Core {5.3.10.Final}
2019-12-29 17:40:04.412  INFO 14774 --- [    Test worker] org.hibernate.cfg.Environment            : HHH000206: hibernate.properties not found
2019-12-29 17:40:04.641  INFO 14774 --- [    Test worker] o.hibernate.annotations.common.Version   : HCANN000001: Hibernate Commons Annotations {5.0.4.Final}
2019-12-29 17:40:04.909  INFO 14774 --- [    Test worker] org.hibernate.dialect.Dialect            : HHH000400: Using dialect: org.hibernate.dialect.MySQL5Dialect
Hibernate: drop table if exists posts
Hibernate: create table posts (id bigint not null auto_increment, author varchar(255), content TEXT not null, title varchar(500) not null, primary key (id)) engine=MyISAM
2019-12-29 17:40:05.667  INFO 14774 --- [    Test worker] o.h.t.schema.internal.SchemaCreatorImpl  : HHH000476: Executing import script 'org.hibernate.tool.schema.internal.exec.ScriptSourceInputNonExistentImpl@c5a5527'
2019-12-29 17:40:05.671  INFO 14774 --- [    Test worker] j.LocalContainerEntityManagerFactoryBean : Initialized JPA EntityManagerFactory for persistence unit 'default'
2019-12-29 17:40:07.055  INFO 14774 --- [    Test worker] o.s.s.concurrent.ThreadPoolTaskExecutor  : Initializing ExecutorService 'applicationTaskExecutor'
2019-12-29 17:40:07.137  WARN 14774 --- [    Test worker] aWebConfiguration$JpaWebMvcConfiguration : spring.jpa.open-in-view is enabled by default. Therefore, database queries may be performed during view rendering. Explicitly configure spring.jpa.open-in-view to disable this warning
2019-12-29 17:40:07.653  INFO 14774 --- [    Test worker] c.l.b.s.d.posts.PostsRepositoryTest      : Started PostsRepositoryTest in 6.75 seconds (JVM running for 8.123)
Hibernate: insert into posts (author, content, title) values (?, ?, ?)
2019-12-29 17:40:07.913  INFO 14774 --- [    Test worker] o.h.h.i.QueryTranslatorFactoryInitiator  : HHH000397: Using ASTQueryTranslatorFactory
Hibernate: select posts0_.id as id1_0_, posts0_.author as author2_0_, posts0_.content as content3_0_, posts0_.title as title4_0_ from posts posts0_
Hibernate: select posts0_.id as id1_0_, posts0_.author as author2_0_, posts0_.content as content3_0_, posts0_.title as title4_0_ from posts posts0_
Hibernate: delete from posts where id=?
]]></system-out>
  <system-err><![CDATA[]]></system-err>
</testsuite>
